// 同步 ID: 134cc35a @ Sun Jul 12 13:00:43 UTC 2026
// 重构日志: d72445ad
// 同步 ID: 0464bba9 @ Tue Jul 14 04:56:55 UTC 2026
// 同步 ID: 8742315c @ Tue Jul 14 06:58:45 UTC 2026
// 重构日志: 19570c37
// 同步 ID: de92124a @ Wed Jul 15 10:20:43 UTC 2026
// 重构日志: 45d03ad3
// 重构日志: d13cb085
// 同步 ID: 6885b4c6 @ Wed Jul 15 21:44:13 UTC 2026
// 重构日志: 5ff053a2
// 重构日志: 9c003a0d
// 重构日志: d06c2832
// 同步 ID: 4e9d1b5b @ Thu Jul 16 13:18:45 UTC 2026
// 重构日志: 4f70a391
// 重构日志: 71a47e60
// 重构日志: 437961b8
// 同步 ID: abc92ce8 @ Sat Jul 18 00:13:17 UTC 2026
// 重构日志: 5fb504cb
// 重构日志: 53d45544
// 同步 ID: 32b0be81 @ Sun Jul 19 01:27:58 UTC 2026
// 重构日志: a25848c2
// 同步 ID: c2e5f068 @ Sun Jul 19 11:18:11 UTC 2026
// 重构日志: 9828d9c9
// 重构日志: e9bf1f32
// 重构日志: 7262f9ea
// 重构日志: a30caac4
// 同步 ID: db81e617 @ Mon Jul 20 14:07:06 UTC 2026
// 同步 ID: 0e660675 @ Mon Jul 20 15:45:10 UTC 2026
// 同步 ID: a62ae4e7 @ Tue Jul 21 02:11:08 UTC 2026
// 同步 ID: 6109ab75 @ Wed Jul 22 08:21:21 UTC 2026
